2016-10-10 15:28:39:990  [TID 16188   ][INFO      ] Default Logger initialized [dmvcframework]
2016-10-10 15:28:39:990  [TID 16188   ][INFO      ] ENTER: Config default values [dmvcframework]
2016-10-10 15:28:40:029  [TID 16188   ][INFO      ] EXIT: Config default values [dmvcframework]
2016-10-10 15:28:40:029  [TID 16188   ][DEBUG     ] ENTER: LoadSystemControllers [dmvcframework]
2016-10-10 15:28:40:029  [TID 16188   ][DEBUG     ] EXIT: LoadSystemControllers [dmvcframework]
2016-10-10 15:28:40:072  [TID 16188   ][DEBUG     ] GET:/ -> WineCellarAppControllerU.TWineCellarApp - 302 OK [dmvcframework]
2016-10-10 15:29:11:581  [TID 18956   ][INFO      ] Default Logger initialized [dmvcframework]
2016-10-10 15:29:11:581  [TID 18956   ][INFO      ] ENTER: Config default values [dmvcframework]
2016-10-10 15:29:11:581  [TID 18956   ][INFO      ] EXIT: Config default values [dmvcframework]
2016-10-10 15:29:11:581  [TID 18956   ][DEBUG     ] ENTER: LoadSystemControllers [dmvcframework]
2016-10-10 15:29:11:619  [TID 18956   ][DEBUG     ] EXIT: LoadSystemControllers [dmvcframework]
2016-10-10 15:29:11:664  [TID 18956   ][DEBUG     ] GET: -> WineCellarAppControllerU.TWineCellarApp - 302 OK [dmvcframework]
2016-10-10 15:29:22:990  [TID 18956   ][DEBUG     ] GET:/index.html -> NO ACTION  - 404 Not Found [dmvcframework]
2016-10-10 15:29:37:017  [TID 18956   ][DEBUG     ] GET: -> WineCellarAppControllerU.TWineCellarApp - 302 OK [dmvcframework]
2016-10-10 15:30:06:656  [TID 16076   ][INFO      ] Default Logger initialized [dmvcframework]
2016-10-10 15:30:06:695  [TID 16076   ][INFO      ] ENTER: Config default values [dmvcframework]
2016-10-10 15:30:06:695  [TID 16076   ][INFO      ] EXIT: Config default values [dmvcframework]
2016-10-10 15:30:06:695  [TID 16076   ][DEBUG     ] ENTER: LoadSystemControllers [dmvcframework]
2016-10-10 15:30:06:695  [TID 16076   ][DEBUG     ] EXIT: LoadSystemControllers [dmvcframework]
2016-10-10 15:30:06:746  [TID 16076   ][DEBUG     ] GET:/index.html -> NO ACTION  - 404 Not Found [dmvcframework]
2016-10-10 15:30:07:402  [TID 16076   ][DEBUG     ] GET:/index.html -> NO ACTION  - 404 Not Found [dmvcframework]
2016-10-10 15:30:08:003  [TID 16076   ][DEBUG     ] GET:/index.html -> NO ACTION  - 404 Not Found [dmvcframework]
2016-10-10 15:30:08:557  [TID 16076   ][DEBUG     ] GET:/index.html -> NO ACTION  - 404 Not Found [dmvcframework]
2016-10-10 15:30:08:946  [TID 16076   ][DEBUG     ] GET:/index.html -> NO ACTION  - 404 Not Found [dmvcframework]
2016-10-10 15:31:02:132  [TID 3260    ][INFO      ] Default Logger initialized [dmvcframework]
2016-10-10 15:31:02:132  [TID 3260    ][INFO      ] ENTER: Config default values [dmvcframework]
2016-10-10 15:31:02:171  [TID 3260    ][INFO      ] EXIT: Config default values [dmvcframework]
2016-10-10 15:31:02:171  [TID 3260    ][DEBUG     ] ENTER: LoadSystemControllers [dmvcframework]
2016-10-10 15:31:02:171  [TID 3260    ][DEBUG     ] EXIT: LoadSystemControllers [dmvcframework]
2016-10-10 15:31:10:145  [TID 3260    ][DEBUG     ] GET:/wines -> WineCellarAppControllerU.TWineCellarApp - 200 OK [dmvcframework]
2016-10-10 15:31:38:040  [TID 14048   ][DEBUG     ] GET:/index.html -> NO ACTION  - 404 Not Found [dmvcframework]
2016-10-10 15:35:54:068  [TID 17828   ][INFO      ] Default Logger initialized [dmvcframework]
2016-10-10 15:35:54:068  [TID 17828   ][INFO      ] ENTER: Config default values [dmvcframework]
2016-10-10 15:35:54:068  [TID 17828   ][INFO      ] EXIT: Config default values [dmvcframework]
2016-10-10 15:35:54:068  [TID 17828   ][DEBUG     ] ENTER: LoadSystemControllers [dmvcframework]
2016-10-10 15:35:54:107  [TID 17828   ][DEBUG     ] EXIT: LoadSystemControllers [dmvcframework]
2016-10-10 15:36:00:425  [TID 17828   ][DEBUG     ] GET:/wines -> WineCellarAppControllerU.TWineCellarApp - 200 OK [dmvcframework]
2016-10-10 15:36:04:898  [TID 17828   ][DEBUG     ] GET:/wines/4 -> WineCellarAppControllerU.TWineCellarApp - 200 OK [dmvcframework]
2016-10-10 15:36:05:849  [TID 17828   ][DEBUG     ] GET:/wines/5 -> WineCellarAppControllerU.TWineCellarApp - 200 OK [dmvcframework]
2016-10-10 15:36:07:506  [TID 17828   ][DEBUG     ] GET:/wines/2 -> WineCellarAppControllerU.TWineCellarApp - 200 OK [dmvcframework]
2016-10-10 15:36:08:114  [TID 17828   ][DEBUG     ] GET:/wines/3 -> WineCellarAppControllerU.TWineCellarApp - 200 OK [dmvcframework]
2016-10-10 15:36:08:561  [TID 17828   ][DEBUG     ] GET:/wines/4 -> WineCellarAppControllerU.TWineCellarApp - 200 OK [dmvcframework]
2016-10-10 15:36:11:849  [TID 17828   ][DEBUG     ] GET:/wines/9 -> WineCellarAppControllerU.TWineCellarApp - 200 OK [dmvcframework]
2016-10-10 15:36:12:420  [TID 17828   ][DEBUG     ] GET:/wines/10 -> WineCellarAppControllerU.TWineCellarApp - 200 OK [dmvcframework]
2016-10-10 15:36:13:200  [TID 17828   ][DEBUG     ] GET:/wines/11 -> WineCellarAppControllerU.TWineCellarApp - 200 OK [dmvcframework]
2016-10-10 15:36:13:714  [TID 17828   ][DEBUG     ] GET:/wines/12 -> WineCellarAppControllerU.TWineCellarApp - 200 OK [dmvcframework]
2016-10-10 15:36:14:174  [TID 17828   ][DEBUG     ] GET:/wines/1 -> WineCellarAppControllerU.TWineCellarApp - 200 OK [dmvcframework]
2016-10-10 15:36:15:968  [TID 17828   ][DEBUG     ] GET:/wines/2 -> WineCellarAppControllerU.TWineCellarApp - 200 OK [dmvcframework]
2016-10-10 15:36:16:568  [TID 17828   ][DEBUG     ] GET:/wines -> WineCellarAppControllerU.TWineCellarApp - 200 OK [dmvcframework]
2016-10-10 15:36:19:479  [TID 17828   ][DEBUG     ] GET:/wines/search/mar -> WineCellarAppControllerU.TWineCellarApp - 200 OK [dmvcframework]
2016-10-10 15:36:20:492  [TID 17828   ][DEBUG     ] GET:/wines/3 -> WineCellarAppControllerU.TWineCellarApp - 200 OK [dmvcframework]
2016-10-10 15:37:49:256  [TID 9428    ][INFO      ] Default Logger initialized [dmvcframework]
2016-10-10 15:37:49:293  [TID 9428    ][INFO      ] ENTER: Config default values [dmvcframework]
2016-10-10 15:37:49:293  [TID 9428    ][INFO      ] EXIT: Config default values [dmvcframework]
2016-10-10 15:37:49:293  [TID 9428    ][DEBUG     ] ENTER: LoadSystemControllers [dmvcframework]
2016-10-10 15:37:49:293  [TID 9428    ][DEBUG     ] EXIT: LoadSystemControllers [dmvcframework]
2016-10-10 15:38:14:066  [TID 9428    ][DEBUG     ] GET:/index.html -> NO ACTION  - 404 Not Found [dmvcframework]
2016-10-10 15:38:34:981  [TID 9428    ][DEBUG     ] GET: -> WineCellarAppControllerU.TWineCellarApp - 302 OK [dmvcframework]
2016-10-10 15:38:36:437  [TID 9428    ][DEBUG     ] GET:/wines -> WineCellarAppControllerU.TWineCellarApp - 200 OK [dmvcframework]
2016-10-10 15:39:28:774  [TID 11464   ][INFO      ] Default Logger initialized [dmvcframework]
2016-10-10 15:39:28:774  [TID 11464   ][INFO      ] ENTER: Config default values [dmvcframework]
2016-10-10 15:39:28:774  [TID 11464   ][INFO      ] EXIT: Config default values [dmvcframework]
2016-10-10 15:39:28:774  [TID 11464   ][DEBUG     ] ENTER: LoadSystemControllers [dmvcframework]
2016-10-10 15:39:28:813  [TID 11464   ][DEBUG     ] EXIT: LoadSystemControllers [dmvcframework]
2016-10-10 15:42:16:876  [TID 13820   ][INFO      ] Default Logger initialized [dmvcframework]
2016-10-10 15:42:16:915  [TID 13820   ][INFO      ] ENTER: Config default values [dmvcframework]
2016-10-10 15:42:16:915  [TID 13820   ][INFO      ] EXIT: Config default values [dmvcframework]
2016-10-10 15:42:16:915  [TID 13820   ][DEBUG     ] ENTER: LoadSystemControllers [dmvcframework]
2016-10-10 15:42:16:915  [TID 13820   ][DEBUG     ] EXIT: LoadSystemControllers [dmvcframework]
2016-10-10 15:42:16:954  [TID 13820   ][DEBUG     ] GET:/mod_alias.so -> NO ACTION  - 404 Not Found [dmvcframework]
2016-10-10 15:42:16:956  [TID 13820   ][DEBUG     ] GET:/mod_alias.so -> NO ACTION  - 404 Not Found [dmvcframework]
2016-10-10 15:43:33:330  [TID 9148    ][DEBUG     ] GET:/mod_alias.so -> NO ACTION  - 404 Not Found [dmvcframework]
2016-10-10 15:43:41:613  [TID 9148    ][DEBUG     ] GET:/ -> WineCellarAppControllerU.TWineCellarApp - 302 OK [dmvcframework]
2016-10-10 15:43:41:721  [TID 9148    ][DEBUG     ] GET:/wines -> WineCellarAppControllerU.TWineCellarApp - 200 OK [dmvcframework]
2016-10-10 15:43:43:934  [TID 9148    ][DEBUG     ] GET:/wines -> WineCellarAppControllerU.TWineCellarApp - 200 OK [dmvcframework]
2016-10-10 15:43:44:385  [TID 9148    ][DEBUG     ] GET:/wines/3 -> WineCellarAppControllerU.TWineCellarApp - 200 OK [dmvcframework]
2016-10-10 15:43:44:939  [TID 9148    ][DEBUG     ] GET:/wines/5 -> WineCellarAppControllerU.TWineCellarApp - 200 OK [dmvcframework]
2016-10-10 15:43:45:336  [TID 9148    ][DEBUG     ] GET:/wines/6 -> WineCellarAppControllerU.TWineCellarApp - 200 OK [dmvcframework]
2016-10-10 15:43:45:711  [TID 9148    ][DEBUG     ] GET:/wines/9 -> WineCellarAppControllerU.TWineCellarApp - 200 OK [dmvcframework]
2016-10-10 15:43:46:368  [TID 9148    ][DEBUG     ] GET:/wines/6 -> WineCellarAppControllerU.TWineCellarApp - 200 OK [dmvcframework]
2016-10-10 15:43:46:812  [TID 9148    ][DEBUG     ] GET:/wines/4 -> WineCellarAppControllerU.TWineCellarApp - 200 OK [dmvcframework]
2016-10-10 15:43:47:251  [TID 9148    ][DEBUG     ] GET:/wines/3 -> WineCellarAppControllerU.TWineCellarApp - 200 OK [dmvcframework]
2016-10-10 15:43:47:615  [TID 9148    ][DEBUG     ] GET:/wines/2 -> WineCellarAppControllerU.TWineCellarApp - 200 OK [dmvcframework]
2016-10-10 15:43:50:625  [TID 9148    ][DEBUG     ] GET:/wines/2 -> WineCellarAppControllerU.TWineCellarApp - 200 OK [dmvcframework]
2016-10-10 15:43:51:203  [TID 9148    ][DEBUG     ] GET:/wines/3 -> WineCellarAppControllerU.TWineCellarApp - 200 OK [dmvcframework]
2016-10-10 15:43:51:591  [TID 9148    ][DEBUG     ] GET:/wines/6 -> WineCellarAppControllerU.TWineCellarApp - 200 OK [dmvcframework]
2016-10-10 15:43:51:981  [TID 9148    ][DEBUG     ] GET:/wines/8 -> WineCellarAppControllerU.TWineCellarApp - 200 OK [dmvcframework]
2016-10-10 15:43:52:378  [TID 9148    ][DEBUG     ] GET:/wines/11 -> WineCellarAppControllerU.TWineCellarApp - 200 OK [dmvcframework]
2016-10-10 15:43:53:011  [TID 9148    ][DEBUG     ] GET:/wines/12 -> WineCellarAppControllerU.TWineCellarApp - 200 OK [dmvcframework]
2016-10-10 15:43:53:409  [TID 9148    ][DEBUG     ] GET:/wines/1 -> WineCellarAppControllerU.TWineCellarApp - 200 OK [dmvcframework]
2016-10-10 15:43:56:690  [TID 9148    ][DEBUG     ] PUT:/wines/1 -> WineCellarAppControllerU.TWineCellarApp - 200 OK [dmvcframework]
2016-10-10 15:43:58:916  [TID 9148    ][DEBUG     ] GET:/wines -> WineCellarAppControllerU.TWineCellarApp - 200 OK [dmvcframework]
