::1 - - [10/Oct/2016:15:25:52 +0200] "GET / HTTP/1.1" 200 46
::1 - - [10/Oct/2016:15:25:52 +0200] "GET /favicon.ico HTTP/1.1" 404 209
::1 - - [10/Oct/2016:15:28:39 +0200] "GET /dmvc/ HTTP/1.1" 302 -
::1 - - [10/Oct/2016:15:28:40 +0200] "GET /index.html HTTP/1.1" 200 46
::1 - - [10/Oct/2016:15:29:11 +0200] "GET /dmvc HTTP/1.1" 302 -
::1 - - [10/Oct/2016:15:29:22 +0200] "GET /dmvc/index.html HTTP/1.1" 404 9
::1 - - [10/Oct/2016:15:29:32 +0200] "GET /dmvc HTTP/1.1" 302 -
::1 - - [10/Oct/2016:15:30:06 +0200] "GET /dmvc/index.html HTTP/1.1" 404 9
::1 - - [10/Oct/2016:15:30:07 +0200] "GET /dmvc/index.html HTTP/1.1" 404 9
::1 - - [10/Oct/2016:15:30:08 +0200] "GET /dmvc/index.html HTTP/1.1" 404 9
::1 - - [10/Oct/2016:15:30:08 +0200] "GET /dmvc/index.html HTTP/1.1" 404 9
::1 - - [10/Oct/2016:15:30:08 +0200] "GET /dmvc/index.html HTTP/1.1" 404 9
::1 - - [10/Oct/2016:15:31:02 +0200] "GET /dmvc/wines HTTP/1.1" 200 4162
::1 - - [10/Oct/2016:15:31:23 +0200] "GET /dmvc/index.html HTTP/1.1" 404 9
::1 - - [10/Oct/2016:15:35:25 +0200] "GET /index.html HTTP/1.1" 200 1535
::1 - - [10/Oct/2016:15:35:25 +0200] "GET /css/styles.css HTTP/1.1" 200 1359
::1 - - [10/Oct/2016:15:35:25 +0200] "GET /js/main.js HTTP/1.1" 200 4731
::1 - - [10/Oct/2016:15:35:25 +0200] "GET /js/jquery-1.7.1.min.js HTTP/1.1" 200 93871
::1 - - [10/Oct/2016:15:35:25 +0200] "GET /wines HTTP/1.1" 404 203
::1 - - [10/Oct/2016:15:35:34 +0200] "GET /index.html HTTP/1.1" 200 1535
::1 - - [10/Oct/2016:15:35:34 +0200] "GET /css/styles.css HTTP/1.1" 200 1359
::1 - - [10/Oct/2016:15:35:34 +0200] "GET /js/main.js HTTP/1.1" 200 4731
::1 - - [10/Oct/2016:15:35:34 +0200] "GET /js/jquery-1.7.1.min.js HTTP/1.1" 200 93871
::1 - - [10/Oct/2016:15:35:34 +0200] "GET /wines HTTP/1.1" 404 203
::1 - - [10/Oct/2016:15:35:54 +0200] "GET /index.html HTTP/1.1" 200 1535
::1 - - [10/Oct/2016:15:35:54 +0200] "GET /css/styles.css HTTP/1.1" 200 1359
::1 - - [10/Oct/2016:15:35:54 +0200] "GET /js/main.js HTTP/1.1" 200 4736
::1 - - [10/Oct/2016:15:35:54 +0200] "GET /js/jquery-1.7.1.min.js HTTP/1.1" 200 93871
::1 - - [10/Oct/2016:15:35:54 +0200] "GET /dmvc/wines HTTP/1.1" 200 4162
::1 - - [10/Oct/2016:15:36:04 +0200] "GET /dmvc/wines/4 HTTP/1.1" 200 322
::1 - - [10/Oct/2016:15:36:04 +0200] "GET /pics/ex_umbris.jpg HTTP/1.1" 200 5330
::1 - - [10/Oct/2016:15:36:05 +0200] "GET /dmvc/wines/5 HTTP/1.1" 200 333
::1 - - [10/Oct/2016:15:36:05 +0200] "GET /pics/rex_hill.jpg HTTP/1.1" 200 17148
::1 - - [10/Oct/2016:15:36:07 +0200] "GET /dmvc/wines/2 HTTP/1.1" 200 343
::1 - - [10/Oct/2016:15:36:07 +0200] "GET /pics/undefined HTTP/1.1" 404 212
::1 - - [10/Oct/2016:15:36:07 +0200] "GET /pics/generic.jpg HTTP/1.1" 200 12146
::1 - - [10/Oct/2016:15:36:08 +0200] "GET /dmvc/wines/3 HTTP/1.1" 200 385
::1 - - [10/Oct/2016:15:36:08 +0200] "GET /pics/margerum.jpg HTTP/1.1" 200 6033
::1 - - [10/Oct/2016:15:36:08 +0200] "GET /dmvc/wines/4 HTTP/1.1" 200 322
::1 - - [10/Oct/2016:15:36:11 +0200] "GET /dmvc/wines/9 HTTP/1.1" 200 278
::1 - - [10/Oct/2016:15:36:11 +0200] "GET /pics/block_nine.jpg HTTP/1.1" 200 6559
::1 - - [10/Oct/2016:15:36:12 +0200] "GET /dmvc/wines/10 HTTP/1.1" 200 348
::1 - - [10/Oct/2016:15:36:12 +0200] "GET /pics/domaine_serene.jpg HTTP/1.1" 200 8854
::1 - - [10/Oct/2016:15:36:13 +0200] "GET /dmvc/wines/11 HTTP/1.1" 200 260
::1 - - [10/Oct/2016:15:36:13 +0200] "GET /pics/bodega_lurton.jpg HTTP/1.1" 200 4980
::1 - - [10/Oct/2016:15:36:13 +0200] "GET /dmvc/wines/12 HTTP/1.1" 200 602
::1 - - [10/Oct/2016:15:36:13 +0200] "GET /pics/morizottes.jpg HTTP/1.1" 200 6332
::1 - - [10/Oct/2016:15:36:14 +0200] "GET /dmvc/wines/1 HTTP/1.1" 200 329
::1 - - [10/Oct/2016:15:36:14 +0200] "GET /pics/saint_cosme.jpg HTTP/1.1" 200 19554
::1 - - [10/Oct/2016:15:36:15 +0200] "GET /dmvc/wines/2 HTTP/1.1" 200 343
::1 - - [10/Oct/2016:15:36:15 +0200] "GET /pics/undefined HTTP/1.1" 404 212
::1 - - [10/Oct/2016:15:36:16 +0200] "GET /dmvc/wines HTTP/1.1" 200 4162
::1 - - [10/Oct/2016:15:36:19 +0200] "GET /dmvc/wines/search/mar HTTP/1.1" 200 387
::1 - - [10/Oct/2016:15:36:20 +0200] "GET /dmvc/wines/3 HTTP/1.1" 200 385
::1 - - [10/Oct/2016:15:37:49 +0200] "GET /dmvc/index.html HTTP/1.1" 404 9
::1 - - [10/Oct/2016:15:38:21 +0200] "GET /dmvc HTTP/1.1" 302 -
::1 - - [10/Oct/2016:15:38:34 +0200] "GET /js/main.js HTTP/1.1" 304 -
::1 - - [10/Oct/2016:15:38:35 +0200] "GET /dmvc/wines HTTP/1.1" 200 4162
::1 - - [10/Oct/2016:15:38:55 +0200] "GET /mod_alias.so HTTP/1.1" 404 210
::1 - - [10/Oct/2016:15:39:28 +0200] "GET /dmvc/mod_alias.so HTTP/1.1" 200 17920
::1 - - [10/Oct/2016:15:42:16 +0200] "GET /dmvc/mod_alias.so HTTP/1.1" 404 9
::1 - - [10/Oct/2016:15:42:16 +0200] "GET /dmvc/mod_alias.so HTTP/1.1" 404 9
::1 - - [10/Oct/2016:15:42:47 +0200] "GET /dmvc/mod_alias.so HTTP/1.1" 404 9
::1 - - [10/Oct/2016:15:43:39 +0200] "GET /dmvc/ HTTP/1.1" 302 -
::1 - - [10/Oct/2016:15:43:41 +0200] "GET /js/main.js HTTP/1.1" 304 -
::1 - - [10/Oct/2016:15:43:41 +0200] "GET /dmvc/wines HTTP/1.1" 200 4162
::1 - - [10/Oct/2016:15:43:43 +0200] "GET /dmvc/wines HTTP/1.1" 200 4162
::1 - - [10/Oct/2016:15:43:44 +0200] "GET /dmvc/wines/3 HTTP/1.1" 200 385
::1 - - [10/Oct/2016:15:43:44 +0200] "GET /dmvc/wines/5 HTTP/1.1" 200 333
::1 - - [10/Oct/2016:15:43:45 +0200] "GET /dmvc/wines/6 HTTP/1.1" 200 359
::1 - - [10/Oct/2016:15:43:45 +0200] "GET /pics/undefined HTTP/1.1" 404 212
::1 - - [10/Oct/2016:15:43:45 +0200] "GET /dmvc/wines/9 HTTP/1.1" 200 278
::1 - - [10/Oct/2016:15:43:46 +0200] "GET /dmvc/wines/6 HTTP/1.1" 200 359
::1 - - [10/Oct/2016:15:43:46 +0200] "GET /pics/undefined HTTP/1.1" 404 212
::1 - - [10/Oct/2016:15:43:46 +0200] "GET /dmvc/wines/4 HTTP/1.1" 200 322
::1 - - [10/Oct/2016:15:43:47 +0200] "GET /dmvc/wines/3 HTTP/1.1" 200 385
::1 - - [10/Oct/2016:15:43:47 +0200] "GET /dmvc/wines/2 HTTP/1.1" 200 343
::1 - - [10/Oct/2016:15:43:47 +0200] "GET /pics/undefined HTTP/1.1" 404 212
::1 - - [10/Oct/2016:15:43:48 +0200] "GET /pics/undefined HTTP/1.1" 404 212
::1 - - [10/Oct/2016:15:43:50 +0200] "GET /dmvc/wines/2 HTTP/1.1" 200 343
::1 - - [10/Oct/2016:15:43:50 +0200] "GET /pics/undefined HTTP/1.1" 404 212
::1 - - [10/Oct/2016:15:43:51 +0200] "GET /dmvc/wines/3 HTTP/1.1" 200 385
::1 - - [10/Oct/2016:15:43:51 +0200] "GET /dmvc/wines/6 HTTP/1.1" 200 359
::1 - - [10/Oct/2016:15:43:51 +0200] "GET /pics/undefined HTTP/1.1" 404 212
::1 - - [10/Oct/2016:15:43:51 +0200] "GET /dmvc/wines/8 HTTP/1.1" 200 291
::1 - - [10/Oct/2016:15:43:51 +0200] "GET /pics/bouscat.jpg HTTP/1.1" 200 9057
::1 - - [10/Oct/2016:15:43:52 +0200] "GET /dmvc/wines/11 HTTP/1.1" 200 260
::1 - - [10/Oct/2016:15:43:52 +0200] "GET /dmvc/wines/12 HTTP/1.1" 200 602
::1 - - [10/Oct/2016:15:43:53 +0200] "GET /dmvc/wines/1 HTTP/1.1" 200 329
::1 - - [10/Oct/2016:15:43:56 +0200] "PUT /dmvc/wines/1 HTTP/1.1" 200 2
::1 - - [10/Oct/2016:15:43:58 +0200] "GET /dmvc/wines HTTP/1.1" 200 4162
